0 info it worked if it ends with ok
1 verbose cli [ '/usr/bin/nodejs', '/usr/bin/npm', 'run', 'build:ssr:dev' ]
2 info using npm@3.5.2
3 info using node@v4.2.6
4 verbose run-script [ 'prebuild:ssr:dev', 'build:ssr:dev', 'postbuild:ssr:dev' ]
5 info lifecycle ssr@1.0.0~prebuild:ssr:dev: ssr@1.0.0
6 silly lifecycle ssr@1.0.0~prebuild:ssr:dev: no script for prebuild:ssr:dev, continuing
7 info lifecycle ssr@1.0.0~build:ssr:dev: ssr@1.0.0
8 verbose lifecycle ssr@1.0.0~build:ssr:dev: unsafe-perm in lifecycle true
9 verbose lifecycle ssr@1.0.0~build:ssr:dev: PATH: /usr/share/npm/bin/node-gyp-bin:/home/fmakareev/projects/frontend-mechanic-ssr/node_modules/.bin:/home/fmakareev/bin:/home/fmakareev/.local/bin:/home/fmakareev/bin:/home/fmakareev/.local/bin:/usr/local/sbin:/usr/local/bin:/usr/sbin:/usr/bin:/sbin:/bin:/usr/games:/usr/local/games:/snap/bin
10 verbose lifecycle ssr@1.0.0~build:ssr:dev: CWD: /home/fmakareev/projects/frontend-mechanic-ssr
11 silly lifecycle ssr@1.0.0~build:ssr:dev: Args: [ '-c',
11 silly lifecycle   'babel-node tools/start.js --mode=development --watch=true --ssr_fetch=false --endpoint_client=\'"http://rc.compaero.ru"\' --endpoint_server=\'"http://rc.compaero.ru"\'' ]
12 info lifecycle ssr@1.0.0~build:ssr:dev: Failed to exec build:ssr:dev script
13 verbose stack Error: ssr@1.0.0 build:ssr:dev: `babel-node tools/start.js --mode=development --watch=true --ssr_fetch=false --endpoint_client='"http://rc.compaero.ru"' --endpoint_server='"http://rc.compaero.ru"'`
13 verbose stack spawn ENOENT
13 verbose stack     at ChildProcess.<anonymous> (/usr/share/npm/lib/utils/spawn.js:17:16)
13 verbose stack     at emitTwo (events.js:87:13)
13 verbose stack     at ChildProcess.emit (events.js:172:7)
13 verbose stack     at maybeClose (internal/child_process.js:821:16)
13 verbose stack     at Process.ChildProcess._handle.onexit (internal/child_process.js:211:5)
14 verbose pkgid ssr@1.0.0
15 verbose cwd /home/fmakareev/projects/frontend-mechanic-ssr
16 error Linux 4.13.0-41-generic
17 error argv "/usr/bin/nodejs" "/usr/bin/npm" "run" "build:ssr:dev"
18 error node v4.2.6
19 error npm  v3.5.2
20 error file sh
21 error code ELIFECYCLE
22 error errno ENOENT
23 error syscall spawn
24 error ssr@1.0.0 build:ssr:dev: `babel-node tools/start.js --mode=development --watch=true --ssr_fetch=false --endpoint_client='"http://rc.compaero.ru"' --endpoint_server='"http://rc.compaero.ru"'`
24 error spawn ENOENT
25 error Failed at the ssr@1.0.0 build:ssr:dev script 'babel-node tools/start.js --mode=development --watch=true --ssr_fetch=false --endpoint_client='"http://rc.compaero.ru"' --endpoint_server='"http://rc.compaero.ru"''.
25 error Make sure you have the latest version of node.js and npm installed.
25 error If you do, this is most likely a problem with the ssr package,
25 error not with npm itself.
25 error Tell the author that this fails on your system:
25 error     babel-node tools/start.js --mode=development --watch=true --ssr_fetch=false --endpoint_client='"http://rc.compaero.ru"' --endpoint_server='"http://rc.compaero.ru"'
25 error You can get information on how to open an issue for this project with:
25 error     npm bugs ssr
25 error Or if that isn't available, you can get their info via:
25 error     npm owner ls ssr
25 error There is likely additional logging output above.
26 verbose exit [ 1, true ]
